/mnt/sdb/arafat/.local/lib/python3.10/site-packages/torch/nn/utils/weight_norm.py:143: FutureWarning: `torch.nn.utils.weight_norm` is deprecated in favor of `torch.nn.utils.parametrizations.weight_norm`.
  WeightNorm.apply(module, name, dim)
/mnt/sdb/arafat/.local/lib/python3.10/site-packages/torch/nn/modules/transformer.py:379: UserWarning: enable_nested_tensor is True, but self.use_nested_tensor is False because encoder_layer.norm_first was True
  warnings.warn(
/mnt/sdb/arafat/.local/lib/python3.10/site-packages/torch/nn/utils/weight_norm.py:143: FutureWarning: `torch.nn.utils.weight_norm` is deprecated in favor of `torch.nn.utils.parametrizations.weight_norm`.
  WeightNorm.apply(module, name, dim)
/mnt/sdb/arafat/.local/lib/python3.10/site-packages/torch/nn/modules/transformer.py:379: UserWarning: enable_nested_tensor is True, but self.use_nested_tensor is False because encoder_layer.norm_first was True
  warnings.warn(
/mnt/sdb/arafat/.local/lib/python3.10/site-packages/torch/nn/utils/weight_norm.py:143: FutureWarning: `torch.nn.utils.weight_norm` is deprecated in favor of `torch.nn.utils.parametrizations.weight_norm`.
  WeightNorm.apply(module, name, dim)
/mnt/sdb/arafat/.local/lib/python3.10/site-packages/torch/nn/modules/transformer.py:379: UserWarning: enable_nested_tensor is True, but self.use_nested_tensor is False because encoder_layer.norm_first was True
  warnings.warn(
/mnt/sdb/arafat/.local/lib/python3.10/site-packages/torch/nn/utils/weight_norm.py:143: FutureWarning: `torch.nn.utils.weight_norm` is deprecated in favor of `torch.nn.utils.parametrizations.weight_norm`.
  WeightNorm.apply(module, name, dim)
/mnt/sdb/arafat/.local/lib/python3.10/site-packages/torch/nn/modules/transformer.py:379: UserWarning: enable_nested_tensor is True, but self.use_nested_tensor is False because encoder_layer.norm_first was True
  warnings.warn(
/mnt/sdb/arafat/.local/lib/python3.10/site-packages/torch/nn/utils/weight_norm.py:143: FutureWarning: `torch.nn.utils.weight_norm` is deprecated in favor of `torch.nn.utils.parametrizations.weight_norm`.
  WeightNorm.apply(module, name, dim)
/mnt/sdb/arafat/.local/lib/python3.10/site-packages/torch/nn/modules/transformer.py:379: UserWarning: enable_nested_tensor is True, but self.use_nested_tensor is False because encoder_layer.norm_first was True
  warnings.warn(
/mnt/sdb/arafat/.local/lib/python3.10/site-packages/torch/nn/utils/weight_norm.py:143: FutureWarning: `torch.nn.utils.weight_norm` is deprecated in favor of `torch.nn.utils.parametrizations.weight_norm`.
  WeightNorm.apply(module, name, dim)
/mnt/sdb/arafat/.local/lib/python3.10/site-packages/torch/nn/modules/transformer.py:379: UserWarning: enable_nested_tensor is True, but self.use_nested_tensor is False because encoder_layer.norm_first was True
  warnings.warn(
/mnt/sdb/arafat/.local/lib/python3.10/site-packages/torch/nn/utils/weight_norm.py:143: FutureWarning: `torch.nn.utils.weight_norm` is deprecated in favor of `torch.nn.utils.parametrizations.weight_norm`.
  WeightNorm.apply(module, name, dim)
/mnt/sdb/arafat/.local/lib/python3.10/site-packages/torch/nn/modules/transformer.py:379: UserWarning: enable_nested_tensor is True, but self.use_nested_tensor is False because encoder_layer.norm_first was True
  warnings.warn(
/mnt/sdb/arafat/.local/lib/python3.10/site-packages/torch/nn/utils/weight_norm.py:143: FutureWarning: `torch.nn.utils.weight_norm` is deprecated in favor of `torch.nn.utils.parametrizations.weight_norm`.
  WeightNorm.apply(module, name, dim)
/mnt/sdb/arafat/.local/lib/python3.10/site-packages/torch/nn/modules/transformer.py:379: UserWarning: enable_nested_tensor is True, but self.use_nested_tensor is False because encoder_layer.norm_first was True
  warnings.warn(
/mnt/sdb/arafat/.local/lib/python3.10/site-packages/torch/nn/utils/weight_norm.py:143: FutureWarning: `torch.nn.utils.weight_norm` is deprecated in favor of `torch.nn.utils.parametrizations.weight_norm`.
  WeightNorm.apply(module, name, dim)
/mnt/sdb/arafat/.local/lib/python3.10/site-packages/torch/nn/modules/transformer.py:379: UserWarning: enable_nested_tensor is True, but self.use_nested_tensor is False because encoder_layer.norm_first was True
  warnings.warn(
/mnt/sdb/arafat/.local/lib/python3.10/site-packages/torch/nn/utils/weight_norm.py:143: FutureWarning: `torch.nn.utils.weight_norm` is deprecated in favor of `torch.nn.utils.parametrizations.weight_norm`.
  WeightNorm.apply(module, name, dim)
/mnt/sdb/arafat/.local/lib/python3.10/site-packages/torch/nn/modules/transformer.py:379: UserWarning: enable_nested_tensor is True, but self.use_nested_tensor is False because encoder_layer.norm_first was True
  warnings.warn(
/mnt/sdb/arafat/.local/lib/python3.10/site-packages/torch/nn/utils/weight_norm.py:143: FutureWarning: `torch.nn.utils.weight_norm` is deprecated in favor of `torch.nn.utils.parametrizations.weight_norm`.
  WeightNorm.apply(module, name, dim)
/mnt/sdb/arafat/.local/lib/python3.10/site-packages/torch/nn/modules/transformer.py:379: UserWarning: enable_nested_tensor is True, but self.use_nested_tensor is False because encoder_layer.norm_first was True
  warnings.warn(
/mnt/sdb/arafat/.local/lib/python3.10/site-packages/torch/nn/utils/weight_norm.py:143: FutureWarning: `torch.nn.utils.weight_norm` is deprecated in favor of `torch.nn.utils.parametrizations.weight_norm`.
  WeightNorm.apply(module, name, dim)
/mnt/sdb/arafat/.local/lib/python3.10/site-packages/torch/nn/modules/transformer.py:379: UserWarning: enable_nested_tensor is True, but self.use_nested_tensor is False because encoder_layer.norm_first was True
  warnings.warn(
/mnt/sdb/arafat/.local/lib/python3.10/site-packages/torch/nn/utils/weight_norm.py:143: FutureWarning: `torch.nn.utils.weight_norm` is deprecated in favor of `torch.nn.utils.parametrizations.weight_norm`.
  WeightNorm.apply(module, name, dim)
/mnt/sdb/arafat/.local/lib/python3.10/site-packages/torch/nn/modules/transformer.py:379: UserWarning: enable_nested_tensor is True, but self.use_nested_tensor is False because encoder_layer.norm_first was True
  warnings.warn(
/mnt/sdb/arafat/.local/lib/python3.10/site-packages/torch/nn/utils/weight_norm.py:143: FutureWarning: `torch.nn.utils.weight_norm` is deprecated in favor of `torch.nn.utils.parametrizations.weight_norm`.
  WeightNorm.apply(module, name, dim)
/mnt/sdb/arafat/.local/lib/python3.10/site-packages/torch/nn/modules/transformer.py:379: UserWarning: enable_nested_tensor is True, but self.use_nested_tensor is False because encoder_layer.norm_first was True
  warnings.warn(
Device: cuda:0
X: (345, 75, 100), y: (345,), classes: [69 69 69 69 69]
Folds: 14  sizes=[5, 5, 5, 5, 5, 5, 5, 5, 5, 5, 5, 5, 5, 4]
Fold 01/14 | TCN         | acc=1.000 macroF1=1.000
Fold 01/14 | LSTM        | acc=0.880 macroF1=0.880
Fold 01/14 | TRANSFORMER | acc=0.960 macroF1=0.960
Fold 01/14 | STGCN       | acc=0.560 macroF1=0.570
Fold 02/14 | TCN         | acc=0.760 macroF1=0.752
Fold 02/14 | LSTM        | acc=0.720 macroF1=0.705
Fold 02/14 | TRANSFORMER | acc=0.840 macroF1=0.827
Fold 02/14 | STGCN       | acc=0.400 macroF1=0.372
Fold 03/14 | TCN         | acc=0.800 macroF1=0.791
Fold 03/14 | LSTM        | acc=0.680 macroF1=0.680
Fold 03/14 | TRANSFORMER | acc=0.680 macroF1=0.671
Fold 03/14 | STGCN       | acc=0.480 macroF1=0.468
Fold 04/14 | TCN         | acc=0.720 macroF1=0.713
Fold 04/14 | LSTM        | acc=0.800 macroF1=0.799
Fold 04/14 | TRANSFORMER | acc=0.840 macroF1=0.835
Fold 04/14 | STGCN       | acc=0.720 macroF1=0.706
Fold 05/14 | TCN         | acc=0.680 macroF1=0.661
Fold 05/14 | LSTM        | acc=0.600 macroF1=0.598
Fold 05/14 | TRANSFORMER | acc=0.880 macroF1=0.883
Fold 05/14 | STGCN       | acc=0.360 macroF1=0.384
Fold 06/14 | TCN         | acc=0.800 macroF1=0.769
Fold 06/14 | LSTM        | acc=0.880 macroF1=0.876
Fold 06/14 | TRANSFORMER | acc=0.840 macroF1=0.838
Fold 06/14 | STGCN       | acc=0.360 macroF1=0.290
Fold 07/14 | TCN         | acc=0.760 macroF1=0.757
Fold 07/14 | LSTM        | acc=0.720 macroF1=0.705
Fold 07/14 | TRANSFORMER | acc=0.760 macroF1=0.733
Fold 07/14 | STGCN       | acc=0.560 macroF1=0.541
Fold 08/14 | TCN         | acc=0.800 macroF1=0.788
Fold 08/14 | LSTM        | acc=0.680 macroF1=0.667
Fold 08/14 | TRANSFORMER | acc=0.920 macroF1=0.919
Fold 08/14 | STGCN       | acc=0.360 macroF1=0.341
Fold 09/14 | TCN         | acc=0.800 macroF1=0.769
Fold 09/14 | LSTM        | acc=0.760 macroF1=0.759
Fold 09/14 | TRANSFORMER | acc=0.840 macroF1=0.840
Fold 09/14 | STGCN       | acc=0.440 macroF1=0.411
Fold 10/14 | TCN         | acc=0.880 macroF1=0.879
Fold 10/14 | LSTM        | acc=0.840 macroF1=0.842
Fold 10/14 | TRANSFORMER | acc=0.960 macroF1=0.960
Fold 10/14 | STGCN       | acc=0.480 macroF1=0.488
Fold 11/14 | TCN         | acc=0.760 macroF1=0.749
Fold 11/14 | LSTM        | acc=0.840 macroF1=0.836
Fold 11/14 | TRANSFORMER | acc=0.800 macroF1=0.795
Fold 11/14 | STGCN       | acc=0.440 macroF1=0.455
Fold 12/14 | TCN         | acc=0.920 macroF1=0.917
Fold 12/14 | LSTM        | acc=0.800 macroF1=0.800
Fold 12/14 | TRANSFORMER | acc=0.880 macroF1=0.874
Fold 12/14 | STGCN       | acc=0.440 macroF1=0.460
Fold 13/14 | TCN         | acc=0.760 macroF1=0.765
Fold 13/14 | LSTM        | acc=0.760 macroF1=0.725
Fold 13/14 | TRANSFORMER | acc=0.840 macroF1=0.854
Fold 13/14 | STGCN       | acc=0.400 macroF1=0.376
Fold 14/14 | TCN         | acc=0.750 macroF1=0.734
Fold 14/14 | LSTM        | acc=0.800 macroF1=0.805
Fold 14/14 | TRANSFORMER | acc=0.900 macroF1=0.898
Fold 14/14 | STGCN       | acc=0.350 macroF1=0.306
TCN         pooled  Acc=0.800  MacroF1=0.800  MacroPrec=0.813  MacroRec=0.800
LSTM        pooled  Acc=0.768  MacroF1=0.768  MacroPrec=0.769  MacroRec=0.768
TRANSFORMER pooled  Acc=0.852  MacroF1=0.852  MacroPrec=0.852  MacroRec=0.852
STGCN       pooled  Acc=0.455  MacroF1=0.454  MacroPrec=0.467  MacroRec=0.455

Saved /mnt/sdb/arafat/activity_recognition/Raw_Skeleton/results/sequence_clf_metrics.csv
Best sequence model: TRANSFORMER
class  precision  recall     f1  support       model
 A080     0.9412  0.9275 0.9343       69 TRANSFORMER
 A097     0.7313  0.7101 0.7206       69 TRANSFORMER
 A098     0.7761  0.7536 0.7647       69 TRANSFORMER
 A100     0.9853  0.9710 0.9781       69 TRANSFORMER
 A101     0.8267  0.8986 0.8611       69 TRANSFORMER
