Device: cuda:1
X_flat: (345, 7500), y: (345,)
CV mode: setup (leave-one-setup-out); folds: 15  sizes=[1, 1, 1, 1, 1, 1, 1, 1, 1, 1, 1, 1, 1, 1, 1]
Matched encoder + KNN to ES-VAE config from /mnt/sdb/arafat/activity_recognition/Tangent_Vector/results/esvae_clf_config.json: enc={'seed': 42, 'R': 20, 'epochs': 150, 'lr': 0.001, 'batch_size': 64, 'beta_kl': 0.0001, 'dropout': 0.1, 'hidden': 512}, knn={'n_neighbors': 1, 'weights': 'uniform'}

Single config: enc={'seed': 42, 'R': 20, 'epochs': 150, 'lr': 0.001, 'batch_size': 64, 'beta_kl': 0.0001, 'dropout': 0.1, 'hidden': 512}  knn={'n_neighbors': 1, 'weights': 'uniform'}
  fold 01/15  k=1,uniform:0.553
  fold 02/15  k=1,uniform:0.413
  fold 03/15  k=1,uniform:0.709
  fold 04/15  k=1,uniform:0.413
  fold 05/15  k=1,uniform:0.467
  fold 06/15  k=1,uniform:0.546
  fold 07/15  k=1,uniform:0.280
  fold 08/15  k=1,uniform:0.300
  fold 09/15  k=1,uniform:0.587
  fold 10/15  k=1,uniform:0.527
  fold 11/15  k=1,uniform:0.478
  fold 12/15  k=1,uniform:0.675
  fold 13/15  k=1,uniform:0.585
  fold 14/15  k=1,uniform:0.569
  fold 15/15  k=1,uniform:0.422

Pooled  acc=0.557  macroF1=0.558
     method  Accuracy mean  Accuracy ci_low  Accuracy ci_high  F1 (weighted) mean  F1 (weighted) ci_low  F1 (weighted) ci_high  F1 (macro) mean  F1 (macro) ci_low  F1 (macro) ci_high  Precision (weighted) mean  Precision (weighted) ci_low  Precision (weighted) ci_high  Precision (macro) mean  Precision (macro) ci_low  Precision (macro) ci_high  Recall (weighted) mean  Recall (weighted) ci_low  Recall (weighted) ci_high  Recall (macro) mean  Recall (macro) ci_low  Recall (macro) ci_high
Vanilla VAE         0.5565           0.5043            0.6116              0.5581                0.5044                 0.6116           0.5581             0.5044              0.6116                     0.5622                       0.5093                        0.6161                  0.5622                    0.5093                     0.6161                  0.5565                    0.5043                     0.6116               0.5565                 0.5043                  0.6116

sklearn classification_report:
                      precision    recall  f1-score   support

     A080 squat_down     0.7500    0.6522    0.6977        69
    A097 arm_circles     0.4722    0.4928    0.4823        69
     A098 arm_swings     0.4058    0.4058    0.4058        69
  A100 kick_backward     0.5769    0.6522    0.6122        69
A101 cross_toe_touch     0.6061    0.5797    0.5926        69

            accuracy                         0.5565       345
           macro avg     0.5622    0.5565    0.5581       345
        weighted avg     0.5622    0.5565    0.5581       345

